2026-03-19 15:47:20,833 - __main__ - INFO - Bot started!
2026-03-19 15:47:20,834 - aiogram.dispatcher - INFO - Start polling
2026-03-19 15:47:21,021 - aiogram.dispatcher - INFO - Run polling for bot @SpichText_bot id=7529222837 - 'SPIC'
2026-03-19 15:48:01,295 - aiogram.event - INFO - Update id=468476210 is handled. Duration 252 ms by bot id=7529222837
2026-03-19 15:48:02,921 - aiogram.event - INFO - Update id=468476211 is handled. Duration 68 ms by bot id=7529222837
2026-03-19 15:48:05,009 - aiogram.event - INFO - Update id=468476212 is handled. Duration 146 ms by bot id=7529222837
2026-03-19 15:48:08,437 - aiogram.event - INFO - Update id=468476213 is handled. Duration 129 ms by bot id=7529222837
2026-03-19 16:24:23,416 - aiogram.dispatcher - WARNING - Received SIGTERM signal
2026-03-19 16:24:23,420 - aiogram.dispatcher - INFO - Polling stopped for bot @SpichText_bot id=7529222837 - 'SPIC'
2026-03-19 16:24:23,421 - aiogram.dispatcher - INFO - Polling stopped
2026-03-19 16:24:35,846 - __main__ - INFO - Bot started!
2026-03-19 16:24:35,847 - aiogram.dispatcher - INFO - Start polling
2026-03-19 16:24:43,173 - aiogram.dispatcher - INFO - Run polling for bot @SpichText_bot id=7529222837 - 'SPIC'
2026-03-19 16:25:07,864 - aiogram.event - INFO - Update id=468476214 is handled. Duration 231 ms by bot id=7529222837
2026-03-19 16:25:09,830 - aiogram.event - INFO - Update id=468476215 is handled. Duration 80 ms by bot id=7529222837
2026-03-19 16:27:30,075 - aiogram.dispatcher - WARNING - Received SIGTERM signal
2026-03-19 16:27:30,082 - aiogram.dispatcher - INFO - Polling stopped for bot @SpichText_bot id=7529222837 - 'SPIC'
2026-03-19 16:27:30,082 - aiogram.dispatcher - INFO - Polling stopped
2026-03-19 16:27:40,001 - __main__ - INFO - Bot started!
2026-03-19 16:27:40,002 - aiogram.dispatcher - INFO - Start polling
2026-03-19 16:27:40,159 - aiogram.dispatcher - INFO - Run polling for bot @SpichText_bot id=7529222837 - 'SPIC'
2026-03-19 16:27:46,315 - aiogram.event - INFO - Update id=468476216 is handled. Duration 215 ms by bot id=7529222837
2026-03-19 16:27:47,191 - aiogram.event - INFO - Update id=468476217 is handled. Duration 77 ms by bot id=7529222837
2026-03-19 16:27:49,245 - aiogram.event - INFO - Update id=468476218 is handled. Duration 160 ms by bot id=7529222837
2026-03-19 16:27:53,947 - aiogram.event - INFO - Update id=468476219 is handled. Duration 154 ms by bot id=7529222837
2026-03-19 16:54:02,487 - aiogram.dispatcher - WARNING - Received SIGTERM signal
2026-03-19 16:54:02,490 - aiogram.dispatcher - INFO - Polling stopped for bot @SpichText_bot id=7529222837 - 'SPIC'
2026-03-19 16:54:02,491 - aiogram.dispatcher - INFO - Polling stopped
2026-03-19 16:54:13,355 - __main__ - INFO - CloudPayments webhook server started on 127.0.0.1:8080
2026-03-19 16:54:13,355 - __main__ - INFO - Bot started!
2026-03-19 16:54:13,356 - aiogram.dispatcher - INFO - Start polling
2026-03-19 16:54:13,510 - aiogram.dispatcher - INFO - Run polling for bot @SpichText_bot id=7529222837 - 'SPIC'
2026-03-19 16:55:28,312 - aiogram.event - INFO - Update id=468476220 is handled. Duration 224 ms by bot id=7529222837
2026-03-19 16:55:29,948 - aiogram.event - INFO - Update id=468476221 is handled. Duration 69 ms by bot id=7529222837
2026-03-19 16:55:32,567 - aiogram.event - INFO - Update id=468476222 is handled. Duration 374 ms by bot id=7529222837
2026-03-19 16:55:35,773 - aiogram.event - INFO - Update id=468476223 is handled. Duration 186 ms by bot id=7529222837
2026-03-19 16:57:17,236 - aiogram.event - INFO - Update id=468476224 is handled. Duration 227 ms by bot id=7529222837
2026-03-19 16:57:20,318 - aiogram.event - INFO - Update id=468476225 is handled. Duration 127 ms by bot id=7529222837
2026-03-19 17:04:16,912 - aiogram.event - INFO - Update id=468476226 is not handled. Duration 4 ms by bot id=7529222837
2026-03-19 17:04:32,359 - aiogram.event - INFO - Update id=468476227 is not handled. Duration 2 ms by bot id=7529222837
2026-03-19 17:23:07,945 - aiogram.dispatcher - WARNING - Received SIGTERM signal
2026-03-19 17:23:07,954 - aiogram.dispatcher - INFO - Polling stopped for bot @SpichText_bot id=7529222837 - 'SPIC'
2026-03-19 17:23:07,954 - aiogram.dispatcher - INFO - Polling stopped
2026-03-19 17:23:20,410 - __main__ - INFO - CloudPayments webhook server started on 127.0.0.1:8080
2026-03-19 17:23:20,411 - __main__ - INFO - Bot started!
2026-03-19 17:23:20,411 - aiogram.dispatcher - INFO - Start polling
2026-03-19 17:23:20,554 - aiogram.dispatcher - INFO - Run polling for bot @SpichText_bot id=7529222837 - 'SPIC'
2026-03-19 17:23:42,117 - aiogram.event - INFO - Update id=468476228 is handled. Duration 232 ms by bot id=7529222837
2026-03-19 17:23:43,756 - aiogram.event - INFO - Update id=468476229 is handled. Duration 74 ms by bot id=7529222837
2026-03-19 17:23:45,863 - aiogram.event - INFO - Update id=468476230 is handled. Duration 264 ms by bot id=7529222837
2026-03-19 17:23:49,467 - aiogram.event - INFO - Update id=468476231 is handled. Duration 169 ms by bot id=7529222837
2026-03-19 17:26:16,973 - aiogram.event - INFO - Update id=468476232 is not handled. Duration 3 ms by bot id=7529222837
2026-03-19 18:45:16,644 - aiogram.event - INFO - Update id=468476233 is not handled. Duration 7 ms by bot id=7529222837
2026-03-19 18:45:16,645 - aiogram.event - ERROR - Cause exception while process update id=468476233 by bot id=7529222837
UnboundLocalError: cannot access local variable 'welcome_text' where it is not associated with a value
Traceback (most recent call last):
  File "/opt/vpn_bot/venv/lib/python3.12/site-packages/aiogram/dispatcher/dispatcher.py", line 309, in _process_update
    response = await self.feed_update(bot, update, **kwargs)
               ^^^^^^^^^^^^^^^^^^^^^^^^^^^^^^^^^^^^^^^^^^^^^
  File "/opt/vpn_bot/venv/lib/python3.12/site-packages/aiogram/dispatcher/dispatcher.py", line 158, in feed_update
    response = await self.update.wrap_outer_middleware(
               ^^^^^^^^^^^^^^^^^^^^^^^^^^^^^^^^^^^^^^^^
  File "/opt/vpn_bot/venv/lib/python3.12/site-packages/aiogram/dispatcher/middlewares/error.py", line 25, in __call__
    return await handler(event, data)
           ^^^^^^^^^^^^^^^^^^^^^^^^^^
  File "/opt/vpn_bot/venv/lib/python3.12/site-packages/aiogram/dispatcher/middlewares/user_context.py", line 27, in __call__
    return await handler(event, data)
           ^^^^^^^^^^^^^^^^^^^^^^^^^^
  File "/opt/vpn_bot/venv/lib/python3.12/site-packages/aiogram/fsm/middleware.py", line 41, in __call__
    return await handler(event, data)
           ^^^^^^^^^^^^^^^^^^^^^^^^^^
  File "/opt/vpn_bot/venv/lib/python3.12/site-packages/aiogram/dispatcher/event/telegram.py", line 121, in trigger
    return await wrapped_inner(event, kwargs)
           ^^^^^^^^^^^^^^^^^^^^^^^^^^^^^^^^^^
  File "/opt/vpn_bot/venv/lib/python3.12/site-packages/aiogram/dispatcher/event/handler.py", line 43, in call
    return await wrapped()
           ^^^^^^^^^^^^^^^
  File "/opt/vpn_bot/venv/lib/python3.12/site-packages/aiogram/dispatcher/dispatcher.py", line 276, in _listen_update
    return await self.propagate_event(update_type=update_type, event=event, **kwargs)
           ^^^^^^^^^^^^^^^^^^^^^^^^^^^^^^^^^^^^^^^^^^^^^^^^^^^^^^^^^^^^^^^^^^^^^^^^^^
  File "/opt/vpn_bot/venv/lib/python3.12/site-packages/aiogram/dispatcher/router.py", line 128, in propagate_event
    return await observer.wrap_outer_middleware(_wrapped, event=event, data=kwargs)
           ^^^^^^^^^^^^^^^^^^^^^^^^^^^^^^^^^^^^^^^^^^^^^^^^^^^^^^^^^^^^^^^^^^^^^^^^
  File "/opt/vpn_bot/venv/lib/python3.12/site-packages/aiogram/dispatcher/router.py", line 123, in _wrapped
    return await self._propagate_event(
           ^^^^^^^^^^^^^^^^^^^^^^^^^^^^
  File "/opt/vpn_bot/venv/lib/python3.12/site-packages/aiogram/dispatcher/router.py", line 156, in _propagate_event
    response = await router.propagate_event(update_type=update_type, event=event, **kwargs)
               ^^^^^^^^^^^^^^^^^^^^^^^^^^^^^^^^^^^^^^^^^^^^^^^^^^^^^^^^^^^^^^^^^^^^^^^^^^^^
  File "/opt/vpn_bot/venv/lib/python3.12/site-packages/aiogram/dispatcher/router.py", line 128, in propagate_event
    return await observer.wrap_outer_middleware(_wrapped, event=event, data=kwargs)
           ^^^^^^^^^^^^^^^^^^^^^^^^^^^^^^^^^^^^^^^^^^^^^^^^^^^^^^^^^^^^^^^^^^^^^^^^
  File "/opt/vpn_bot/venv/lib/python3.12/site-packages/aiogram/dispatcher/router.py", line 123, in _wrapped
    return await self._propagate_event(
           ^^^^^^^^^^^^^^^^^^^^^^^^^^^^
  File "/opt/vpn_bot/venv/lib/python3.12/site-packages/aiogram/dispatcher/router.py", line 148, in _propagate_event
    response = await observer.trigger(event, **kwargs)
               ^^^^^^^^^^^^^^^^^^^^^^^^^^^^^^^^^^^^^^^
  File "/opt/vpn_bot/venv/lib/python3.12/site-packages/aiogram/dispatcher/event/telegram.py", line 121, in trigger
    return await wrapped_inner(event, kwargs)
           ^^^^^^^^^^^^^^^^^^^^^^^^^^^^^^^^^^
  File "/opt/vpn_bot/venv/lib/python3.12/site-packages/aiogram/dispatcher/event/handler.py", line 43, in call
    return await wrapped()
           ^^^^^^^^^^^^^^^
  File "/opt/vpn_bot/handlers/start.py", line 80, in cmd_start
    welcome_text,
    ^^^^^^^^^^^^
UnboundLocalError: cannot access local variable 'welcome_text' where it is not associated with a value
2026-03-19 18:45:45,478 - aiogram.event - INFO - Update id=468476234 is not handled. Duration 1 ms by bot id=7529222837
2026-03-19 18:45:45,479 - aiogram.event - ERROR - Cause exception while process update id=468476234 by bot id=7529222837
UnboundLocalError: cannot access local variable 'welcome_text' where it is not associated with a value
Traceback (most recent call last):
  File "/opt/vpn_bot/venv/lib/python3.12/site-packages/aiogram/dispatcher/dispatcher.py", line 309, in _process_update
    response = await self.feed_update(bot, update, **kwargs)
               ^^^^^^^^^^^^^^^^^^^^^^^^^^^^^^^^^^^^^^^^^^^^^
  File "/opt/vpn_bot/venv/lib/python3.12/site-packages/aiogram/dispatcher/dispatcher.py", line 158, in feed_update
    response = await self.update.wrap_outer_middleware(
               ^^^^^^^^^^^^^^^^^^^^^^^^^^^^^^^^^^^^^^^^
  File "/opt/vpn_bot/venv/lib/python3.12/site-packages/aiogram/dispatcher/middlewares/error.py", line 25, in __call__
    return await handler(event, data)
           ^^^^^^^^^^^^^^^^^^^^^^^^^^
  File "/opt/vpn_bot/venv/lib/python3.12/site-packages/aiogram/dispatcher/middlewares/user_context.py", line 27, in __call__
    return await handler(event, data)
           ^^^^^^^^^^^^^^^^^^^^^^^^^^
  File "/opt/vpn_bot/venv/lib/python3.12/site-packages/aiogram/fsm/middleware.py", line 41, in __call__
    return await handler(event, data)
           ^^^^^^^^^^^^^^^^^^^^^^^^^^
  File "/opt/vpn_bot/venv/lib/python3.12/site-packages/aiogram/dispatcher/event/telegram.py", line 121, in trigger
    return await wrapped_inner(event, kwargs)
           ^^^^^^^^^^^^^^^^^^^^^^^^^^^^^^^^^^
  File "/opt/vpn_bot/venv/lib/python3.12/site-packages/aiogram/dispatcher/event/handler.py", line 43, in call
    return await wrapped()
           ^^^^^^^^^^^^^^^
  File "/opt/vpn_bot/venv/lib/python3.12/site-packages/aiogram/dispatcher/dispatcher.py", line 276, in _listen_update
    return await self.propagate_event(update_type=update_type, event=event, **kwargs)
           ^^^^^^^^^^^^^^^^^^^^^^^^^^^^^^^^^^^^^^^^^^^^^^^^^^^^^^^^^^^^^^^^^^^^^^^^^^
  File "/opt/vpn_bot/venv/lib/python3.12/site-packages/aiogram/dispatcher/router.py", line 128, in propagate_event
    return await observer.wrap_outer_middleware(_wrapped, event=event, data=kwargs)
           ^^^^^^^^^^^^^^^^^^^^^^^^^^^^^^^^^^^^^^^^^^^^^^^^^^^^^^^^^^^^^^^^^^^^^^^^
  File "/opt/vpn_bot/venv/lib/python3.12/site-packages/aiogram/dispatcher/router.py", line 123, in _wrapped
    return await self._propagate_event(
           ^^^^^^^^^^^^^^^^^^^^^^^^^^^^
  File "/opt/vpn_bot/venv/lib/python3.12/site-packages/aiogram/dispatcher/router.py", line 156, in _propagate_event
    response = await router.propagate_event(update_type=update_type, event=event, **kwargs)
               ^^^^^^^^^^^^^^^^^^^^^^^^^^^^^^^^^^^^^^^^^^^^^^^^^^^^^^^^^^^^^^^^^^^^^^^^^^^^
  File "/opt/vpn_bot/venv/lib/python3.12/site-packages/aiogram/dispatcher/router.py", line 128, in propagate_event
    return await observer.wrap_outer_middleware(_wrapped, event=event, data=kwargs)
           ^^^^^^^^^^^^^^^^^^^^^^^^^^^^^^^^^^^^^^^^^^^^^^^^^^^^^^^^^^^^^^^^^^^^^^^^
  File "/opt/vpn_bot/venv/lib/python3.12/site-packages/aiogram/dispatcher/router.py", line 123, in _wrapped
    return await self._propagate_event(
           ^^^^^^^^^^^^^^^^^^^^^^^^^^^^
  File "/opt/vpn_bot/venv/lib/python3.12/site-packages/aiogram/dispatcher/router.py", line 148, in _propagate_event
    response = await observer.trigger(event, **kwargs)
               ^^^^^^^^^^^^^^^^^^^^^^^^^^^^^^^^^^^^^^^
  File "/opt/vpn_bot/venv/lib/python3.12/site-packages/aiogram/dispatcher/event/telegram.py", line 121, in trigger
    return await wrapped_inner(event, kwargs)
           ^^^^^^^^^^^^^^^^^^^^^^^^^^^^^^^^^^
  File "/opt/vpn_bot/venv/lib/python3.12/site-packages/aiogram/dispatcher/event/handler.py", line 43, in call
    return await wrapped()
           ^^^^^^^^^^^^^^^
  File "/opt/vpn_bot/handlers/start.py", line 80, in cmd_start
    welcome_text,
    ^^^^^^^^^^^^
UnboundLocalError: cannot access local variable 'welcome_text' where it is not associated with a value
2026-03-19 18:45:53,576 - aiogram.event - INFO - Update id=468476235 is handled. Duration 176 ms by bot id=7529222837
2026-03-19 18:46:09,012 - aiogram.event - INFO - Update id=468476236 is not handled. Duration 12 ms by bot id=7529222837
2026-03-19 18:48:15,752 - aiogram.event - INFO - Update id=468476237 is not handled. Duration 3 ms by bot id=7529222837
2026-03-19 18:48:15,753 - aiogram.event - ERROR - Cause exception while process update id=468476237 by bot id=7529222837
UnboundLocalError: cannot access local variable 'welcome_text' where it is not associated with a value
Traceback (most recent call last):
  File "/opt/vpn_bot/venv/lib/python3.12/site-packages/aiogram/dispatcher/dispatcher.py", line 309, in _process_update
    response = await self.feed_update(bot, update, **kwargs)
               ^^^^^^^^^^^^^^^^^^^^^^^^^^^^^^^^^^^^^^^^^^^^^
  File "/opt/vpn_bot/venv/lib/python3.12/site-packages/aiogram/dispatcher/dispatcher.py", line 158, in feed_update
    response = await self.update.wrap_outer_middleware(
               ^^^^^^^^^^^^^^^^^^^^^^^^^^^^^^^^^^^^^^^^
  File "/opt/vpn_bot/venv/lib/python3.12/site-packages/aiogram/dispatcher/middlewares/error.py", line 25, in __call__
    return await handler(event, data)
           ^^^^^^^^^^^^^^^^^^^^^^^^^^
  File "/opt/vpn_bot/venv/lib/python3.12/site-packages/aiogram/dispatcher/middlewares/user_context.py", line 27, in __call__
    return await handler(event, data)
           ^^^^^^^^^^^^^^^^^^^^^^^^^^
  File "/opt/vpn_bot/venv/lib/python3.12/site-packages/aiogram/fsm/middleware.py", line 41, in __call__
    return await handler(event, data)
           ^^^^^^^^^^^^^^^^^^^^^^^^^^
  File "/opt/vpn_bot/venv/lib/python3.12/site-packages/aiogram/dispatcher/event/telegram.py", line 121, in trigger
    return await wrapped_inner(event, kwargs)
           ^^^^^^^^^^^^^^^^^^^^^^^^^^^^^^^^^^
  File "/opt/vpn_bot/venv/lib/python3.12/site-packages/aiogram/dispatcher/event/handler.py", line 43, in call
    return await wrapped()
           ^^^^^^^^^^^^^^^
  File "/opt/vpn_bot/venv/lib/python3.12/site-packages/aiogram/dispatcher/dispatcher.py", line 276, in _listen_update
    return await self.propagate_event(update_type=update_type, event=event, **kwargs)
           ^^^^^^^^^^^^^^^^^^^^^^^^^^^^^^^^^^^^^^^^^^^^^^^^^^^^^^^^^^^^^^^^^^^^^^^^^^
  File "/opt/vpn_bot/venv/lib/python3.12/site-packages/aiogram/dispatcher/router.py", line 128, in propagate_event
    return await observer.wrap_outer_middleware(_wrapped, event=event, data=kwargs)
           ^^^^^^^^^^^^^^^^^^^^^^^^^^^^^^^^^^^^^^^^^^^^^^^^^^^^^^^^^^^^^^^^^^^^^^^^
  File "/opt/vpn_bot/venv/lib/python3.12/site-packages/aiogram/dispatcher/router.py", line 123, in _wrapped
    return await self._propagate_event(
           ^^^^^^^^^^^^^^^^^^^^^^^^^^^^
  File "/opt/vpn_bot/venv/lib/python3.12/site-packages/aiogram/dispatcher/router.py", line 156, in _propagate_event
    response = await router.propagate_event(update_type=update_type, event=event, **kwargs)
               ^^^^^^^^^^^^^^^^^^^^^^^^^^^^^^^^^^^^^^^^^^^^^^^^^^^^^^^^^^^^^^^^^^^^^^^^^^^^
  File "/opt/vpn_bot/venv/lib/python3.12/site-packages/aiogram/dispatcher/router.py", line 128, in propagate_event
    return await observer.wrap_outer_middleware(_wrapped, event=event, data=kwargs)
           ^^^^^^^^^^^^^^^^^^^^^^^^^^^^^^^^^^^^^^^^^^^^^^^^^^^^^^^^^^^^^^^^^^^^^^^^
  File "/opt/vpn_bot/venv/lib/python3.12/site-packages/aiogram/dispatcher/router.py", line 123, in _wrapped
    return await self._propagate_event(
           ^^^^^^^^^^^^^^^^^^^^^^^^^^^^
  File "/opt/vpn_bot/venv/lib/python3.12/site-packages/aiogram/dispatcher/router.py", line 148, in _propagate_event
    response = await observer.trigger(event, **kwargs)
               ^^^^^^^^^^^^^^^^^^^^^^^^^^^^^^^^^^^^^^^
  File "/opt/vpn_bot/venv/lib/python3.12/site-packages/aiogram/dispatcher/event/telegram.py", line 121, in trigger
    return await wrapped_inner(event, kwargs)
           ^^^^^^^^^^^^^^^^^^^^^^^^^^^^^^^^^^
  File "/opt/vpn_bot/venv/lib/python3.12/site-packages/aiogram/dispatcher/event/handler.py", line 43, in call
    return await wrapped()
           ^^^^^^^^^^^^^^^
  File "/opt/vpn_bot/handlers/start.py", line 80, in cmd_start
    welcome_text,
    ^^^^^^^^^^^^
UnboundLocalError: cannot access local variable 'welcome_text' where it is not associated with a value
2026-03-19 18:48:41,307 - aiogram.event - INFO - Update id=468476238 is not handled. Duration 3 ms by bot id=7529222837
2026-03-20 06:17:33,870 - aiogram.event - INFO - Update id=468476239 is handled. Duration 166 ms by bot id=7529222837
2026-03-20 10:30:08,820 - aiogram.event - INFO - Update id=468476240 is not handled. Duration 33 ms by bot id=7529222837
2026-03-20 10:30:08,823 - aiogram.event - ERROR - Cause exception while process update id=468476240 by bot id=7529222837
UnboundLocalError: cannot access local variable 'welcome_text' where it is not associated with a value
Traceback (most recent call last):
  File "/opt/vpn_bot/venv/lib/python3.12/site-packages/aiogram/dispatcher/dispatcher.py", line 309, in _process_update
    response = await self.feed_update(bot, update, **kwargs)
               ^^^^^^^^^^^^^^^^^^^^^^^^^^^^^^^^^^^^^^^^^^^^^
  File "/opt/vpn_bot/venv/lib/python3.12/site-packages/aiogram/dispatcher/dispatcher.py", line 158, in feed_update
    response = await self.update.wrap_outer_middleware(
               ^^^^^^^^^^^^^^^^^^^^^^^^^^^^^^^^^^^^^^^^
  File "/opt/vpn_bot/venv/lib/python3.12/site-packages/aiogram/dispatcher/middlewares/error.py", line 25, in __call__
    return await handler(event, data)
           ^^^^^^^^^^^^^^^^^^^^^^^^^^
  File "/opt/vpn_bot/venv/lib/python3.12/site-packages/aiogram/dispatcher/middlewares/user_context.py", line 27, in __call__
    return await handler(event, data)
           ^^^^^^^^^^^^^^^^^^^^^^^^^^
  File "/opt/vpn_bot/venv/lib/python3.12/site-packages/aiogram/fsm/middleware.py", line 41, in __call__
    return await handler(event, data)
           ^^^^^^^^^^^^^^^^^^^^^^^^^^
  File "/opt/vpn_bot/venv/lib/python3.12/site-packages/aiogram/dispatcher/event/telegram.py", line 121, in trigger
    return await wrapped_inner(event, kwargs)
           ^^^^^^^^^^^^^^^^^^^^^^^^^^^^^^^^^^
  File "/opt/vpn_bot/venv/lib/python3.12/site-packages/aiogram/dispatcher/event/handler.py", line 43, in call
    return await wrapped()
           ^^^^^^^^^^^^^^^
  File "/opt/vpn_bot/venv/lib/python3.12/site-packages/aiogram/dispatcher/dispatcher.py", line 276, in _listen_update
    return await self.propagate_event(update_type=update_type, event=event, **kwargs)
           ^^^^^^^^^^^^^^^^^^^^^^^^^^^^^^^^^^^^^^^^^^^^^^^^^^^^^^^^^^^^^^^^^^^^^^^^^^
  File "/opt/vpn_bot/venv/lib/python3.12/site-packages/aiogram/dispatcher/router.py", line 128, in propagate_event
    return await observer.wrap_outer_middleware(_wrapped, event=event, data=kwargs)
           ^^^^^^^^^^^^^^^^^^^^^^^^^^^^^^^^^^^^^^^^^^^^^^^^^^^^^^^^^^^^^^^^^^^^^^^^
  File "/opt/vpn_bot/venv/lib/python3.12/site-packages/aiogram/dispatcher/router.py", line 123, in _wrapped
    return await self._propagate_event(
           ^^^^^^^^^^^^^^^^^^^^^^^^^^^^
  File "/opt/vpn_bot/venv/lib/python3.12/site-packages/aiogram/dispatcher/router.py", line 156, in _propagate_event
    response = await router.propagate_event(update_type=update_type, event=event, **kwargs)
               ^^^^^^^^^^^^^^^^^^^^^^^^^^^^^^^^^^^^^^^^^^^^^^^^^^^^^^^^^^^^^^^^^^^^^^^^^^^^
  File "/opt/vpn_bot/venv/lib/python3.12/site-packages/aiogram/dispatcher/router.py", line 128, in propagate_event
    return await observer.wrap_outer_middleware(_wrapped, event=event, data=kwargs)
           ^^^^^^^^^^^^^^^^^^^^^^^^^^^^^^^^^^^^^^^^^^^^^^^^^^^^^^^^^^^^^^^^^^^^^^^^
  File "/opt/vpn_bot/venv/lib/python3.12/site-packages/aiogram/dispatcher/router.py", line 123, in _wrapped
    return await self._propagate_event(
           ^^^^^^^^^^^^^^^^^^^^^^^^^^^^
  File "/opt/vpn_bot/venv/lib/python3.12/site-packages/aiogram/dispatcher/router.py", line 148, in _propagate_event
    response = await observer.trigger(event, **kwargs)
               ^^^^^^^^^^^^^^^^^^^^^^^^^^^^^^^^^^^^^^^
  File "/opt/vpn_bot/venv/lib/python3.12/site-packages/aiogram/dispatcher/event/telegram.py", line 121, in trigger
    return await wrapped_inner(event, kwargs)
           ^^^^^^^^^^^^^^^^^^^^^^^^^^^^^^^^^^
  File "/opt/vpn_bot/venv/lib/python3.12/site-packages/aiogram/dispatcher/event/handler.py", line 43, in call
    return await wrapped()
           ^^^^^^^^^^^^^^^
  File "/opt/vpn_bot/handlers/start.py", line 80, in cmd_start
    welcome_text,
    ^^^^^^^^^^^^
UnboundLocalError: cannot access local variable 'welcome_text' where it is not associated with a value
2026-03-20 10:58:37,222 - aiogram.event - INFO - Update id=468476241 is not handled. Duration 9 ms by bot id=7529222837
2026-03-20 10:58:37,223 - aiogram.event - ERROR - Cause exception while process update id=468476241 by bot id=7529222837
UnboundLocalError: cannot access local variable 'welcome_text' where it is not associated with a value
Traceback (most recent call last):
  File "/opt/vpn_bot/venv/lib/python3.12/site-packages/aiogram/dispatcher/dispatcher.py", line 309, in _process_update
    response = await self.feed_update(bot, update, **kwargs)
               ^^^^^^^^^^^^^^^^^^^^^^^^^^^^^^^^^^^^^^^^^^^^^
  File "/opt/vpn_bot/venv/lib/python3.12/site-packages/aiogram/dispatcher/dispatcher.py", line 158, in feed_update
    response = await self.update.wrap_outer_middleware(
               ^^^^^^^^^^^^^^^^^^^^^^^^^^^^^^^^^^^^^^^^
  File "/opt/vpn_bot/venv/lib/python3.12/site-packages/aiogram/dispatcher/middlewares/error.py", line 25, in __call__
    return await handler(event, data)
           ^^^^^^^^^^^^^^^^^^^^^^^^^^
  File "/opt/vpn_bot/venv/lib/python3.12/site-packages/aiogram/dispatcher/middlewares/user_context.py", line 27, in __call__
    return await handler(event, data)
           ^^^^^^^^^^^^^^^^^^^^^^^^^^
  File "/opt/vpn_bot/venv/lib/python3.12/site-packages/aiogram/fsm/middleware.py", line 41, in __call__
    return await handler(event, data)
           ^^^^^^^^^^^^^^^^^^^^^^^^^^
  File "/opt/vpn_bot/venv/lib/python3.12/site-packages/aiogram/dispatcher/event/telegram.py", line 121, in trigger
    return await wrapped_inner(event, kwargs)
           ^^^^^^^^^^^^^^^^^^^^^^^^^^^^^^^^^^
  File "/opt/vpn_bot/venv/lib/python3.12/site-packages/aiogram/dispatcher/event/handler.py", line 43, in call
    return await wrapped()
           ^^^^^^^^^^^^^^^
  File "/opt/vpn_bot/venv/lib/python3.12/site-packages/aiogram/dispatcher/dispatcher.py", line 276, in _listen_update
    return await self.propagate_event(update_type=update_type, event=event, **kwargs)
           ^^^^^^^^^^^^^^^^^^^^^^^^^^^^^^^^^^^^^^^^^^^^^^^^^^^^^^^^^^^^^^^^^^^^^^^^^^
  File "/opt/vpn_bot/venv/lib/python3.12/site-packages/aiogram/dispatcher/router.py", line 128, in propagate_event
    return await observer.wrap_outer_middleware(_wrapped, event=event, data=kwargs)
           ^^^^^^^^^^^^^^^^^^^^^^^^^^^^^^^^^^^^^^^^^^^^^^^^^^^^^^^^^^^^^^^^^^^^^^^^
  File "/opt/vpn_bot/venv/lib/python3.12/site-packages/aiogram/dispatcher/router.py", line 123, in _wrapped
    return await self._propagate_event(
           ^^^^^^^^^^^^^^^^^^^^^^^^^^^^
  File "/opt/vpn_bot/venv/lib/python3.12/site-packages/aiogram/dispatcher/router.py", line 156, in _propagate_event
    response = await router.propagate_event(update_type=update_type, event=event, **kwargs)
               ^^^^^^^^^^^^^^^^^^^^^^^^^^^^^^^^^^^^^^^^^^^^^^^^^^^^^^^^^^^^^^^^^^^^^^^^^^^^
  File "/opt/vpn_bot/venv/lib/python3.12/site-packages/aiogram/dispatcher/router.py", line 128, in propagate_event
    return await observer.wrap_outer_middleware(_wrapped, event=event, data=kwargs)
           ^^^^^^^^^^^^^^^^^^^^^^^^^^^^^^^^^^^^^^^^^^^^^^^^^^^^^^^^^^^^^^^^^^^^^^^^
  File "/opt/vpn_bot/venv/lib/python3.12/site-packages/aiogram/dispatcher/router.py", line 123, in _wrapped
    return await self._propagate_event(
           ^^^^^^^^^^^^^^^^^^^^^^^^^^^^
  File "/opt/vpn_bot/venv/lib/python3.12/site-packages/aiogram/dispatcher/router.py", line 148, in _propagate_event
    response = await observer.trigger(event, **kwargs)
               ^^^^^^^^^^^^^^^^^^^^^^^^^^^^^^^^^^^^^^^
  File "/opt/vpn_bot/venv/lib/python3.12/site-packages/aiogram/dispatcher/event/telegram.py", line 121, in trigger
    return await wrapped_inner(event, kwargs)
           ^^^^^^^^^^^^^^^^^^^^^^^^^^^^^^^^^^
  File "/opt/vpn_bot/venv/lib/python3.12/site-packages/aiogram/dispatcher/event/handler.py", line 43, in call
    return await wrapped()
           ^^^^^^^^^^^^^^^
  File "/opt/vpn_bot/handlers/start.py", line 80, in cmd_start
    welcome_text,
    ^^^^^^^^^^^^
UnboundLocalError: cannot access local variable 'welcome_text' where it is not associated with a value
2026-03-20 13:45:14,671 - aiogram.dispatcher - ERROR - Failed to fetch updates - TelegramNetworkError: HTTP Client says - Request timeout error
2026-03-20 13:45:14,672 - aiogram.dispatcher - WARNING - Sleep for 1.000000 seconds and try again... (tryings = 0, bot id = 7529222837)
2026-03-20 13:45:25,820 - aiogram.dispatcher - INFO - Connection established (tryings = 1, bot id = 7529222837)
2026-03-21 08:10:03,435 - aiogram.event - INFO - Update id=468476242 is handled. Duration 253 ms by bot id=7529222837
2026-03-21 08:10:08,077 - aiogram.event - INFO - Update id=468476243 is handled. Duration 991 ms by bot id=7529222837
2026-03-21 08:13:07,569 - aiogram.event - INFO - Update id=468476244 is handled. Duration 194 ms by bot id=7529222837
2026-03-21 08:13:10,138 - aiogram.event - INFO - Update id=468476245 is handled. Duration 108 ms by bot id=7529222837
2026-03-21 08:13:21,483 - aiogram.event - INFO - Update id=468476246 is handled. Duration 179 ms by bot id=7529222837
2026-03-21 08:13:28,651 - aiogram.event - INFO - Update id=468476247 is handled. Duration 269 ms by bot id=7529222837
2026-03-21 08:15:10,211 - aiogram.dispatcher - WARNING - Received SIGTERM signal
2026-03-21 08:15:10,219 - aiogram.dispatcher - INFO - Polling stopped for bot @SpichText_bot id=7529222837 - 'SPIC'
2026-03-21 08:15:10,219 - aiogram.dispatcher - INFO - Polling stopped
2026-03-21 08:15:25,271 - __main__ - INFO - CloudPayments webhook server started on 127.0.0.1:8080
2026-03-21 08:15:25,272 - __main__ - INFO - Bot started!
2026-03-21 08:15:25,273 - aiogram.dispatcher - INFO - Start polling
2026-03-21 08:15:25,616 - aiogram.dispatcher - INFO - Run polling for bot @SpichText_bot id=7529222837 - 'SPIC'
2026-03-21 08:15:50,892 - aiogram.event - INFO - Update id=468476248 is handled. Duration 377 ms by bot id=7529222837
2026-03-21 08:15:54,721 - aiogram.event - INFO - Update id=468476249 is handled. Duration 208 ms by bot id=7529222837
2026-03-21 08:15:57,155 - aiogram.event - INFO - Update id=468476250 is handled. Duration 177 ms by bot id=7529222837
2026-03-21 08:55:36,410 - aiogram.event - INFO - Update id=468476251 is not handled. Duration 12 ms by bot id=7529222837
2026-03-21 08:56:10,625 - aiogram.event - INFO - Update id=468476252 is handled. Duration 5133 ms by bot id=7529222837
2026-03-21 09:22:24,354 - aiogram.event - INFO - Update id=468476253 is handled. Duration 348 ms by bot id=7529222837
2026-03-21 09:22:26,326 - aiogram.event - INFO - Update id=468476254 is handled. Duration 168 ms by bot id=7529222837
2026-03-21 09:22:29,109 - aiogram.event - INFO - Update id=468476255 is handled. Duration 151 ms by bot id=7529222837
2026-03-21 09:29:20,211 - aiogram.event - INFO - Update id=468476256 is handled. Duration 231 ms by bot id=7529222837
2026-03-21 09:29:22,084 - aiogram.event - INFO - Update id=468476257 is handled. Duration 133 ms by bot id=7529222837
2026-03-21 09:29:35,950 - aiogram.event - INFO - Update id=468476258 is handled. Duration 165 ms by bot id=7529222837
2026-03-21 09:30:16,051 - aiogram.event - INFO - Update id=468476259 is handled. Duration 180 ms by bot id=7529222837
2026-03-21 09:30:17,507 - aiogram.event - INFO - Update id=468476260 is handled. Duration 120 ms by bot id=7529222837
2026-03-21 09:30:20,648 - aiogram.event - INFO - Update id=468476261 is handled. Duration 153 ms by bot id=7529222837
2026-03-21 09:31:44,549 - aiogram.event - INFO - Update id=468476262 is handled. Duration 216 ms by bot id=7529222837
2026-03-21 09:31:46,290 - aiogram.event - INFO - Update id=468476263 is handled. Duration 165 ms by bot id=7529222837
2026-03-21 09:31:48,337 - aiogram.event - INFO - Update id=468476264 is handled. Duration 224 ms by bot id=7529222837
2026-03-21 09:32:56,900 - aiogram.event - INFO - Update id=468476265 is handled. Duration 287 ms by bot id=7529222837
2026-03-21 09:32:58,577 - aiogram.event - INFO - Update id=468476266 is handled. Duration 150 ms by bot id=7529222837
2026-03-21 09:33:00,092 - aiogram.event - INFO - Update id=468476267 is handled. Duration 248 ms by bot id=7529222837
2026-03-21 09:33:38,339 - aiogram.event - INFO - Update id=468476268 is handled. Duration 312 ms by bot id=7529222837
2026-03-21 09:33:40,684 - aiogram.event - INFO - Update id=468476269 is handled. Duration 115 ms by bot id=7529222837
2026-03-21 09:33:43,857 - aiogram.event - INFO - Update id=468476270 is handled. Duration 175 ms by bot id=7529222837
2026-03-21 09:34:27,432 - aiogram.event - INFO - Update id=468476271 is handled. Duration 339 ms by bot id=7529222837
2026-03-21 09:34:28,865 - aiogram.event - INFO - Update id=468476272 is handled. Duration 123 ms by bot id=7529222837
2026-03-21 09:34:30,401 - aiogram.event - INFO - Update id=468476273 is handled. Duration 172 ms by bot id=7529222837
2026-03-21 09:36:02,982 - aiogram.event - INFO - Update id=468476274 is handled. Duration 235 ms by bot id=7529222837
2026-03-21 09:36:04,385 - aiogram.event - INFO - Update id=468476275 is handled. Duration 78 ms by bot id=7529222837
2026-03-21 09:36:05,947 - aiogram.event - INFO - Update id=468476276 is handled. Duration 201 ms by bot id=7529222837
2026-03-21 09:36:07,953 - aiogram.event - INFO - Update id=468476277 is handled. Duration 155 ms by bot id=7529222837
2026-03-21 09:37:05,382 - aiogram.event - INFO - Update id=468476278 is handled. Duration 204 ms by bot id=7529222837
2026-03-21 09:37:07,358 - aiogram.event - INFO - Update id=468476279 is handled. Duration 215 ms by bot id=7529222837
2026-03-21 09:37:08,929 - aiogram.event - INFO - Update id=468476280 is handled. Duration 144 ms by bot id=7529222837
2026-03-21 09:45:33,647 - aiogram.event - INFO - Update id=468476281 is handled. Duration 1044 ms by bot id=7529222837
2026-03-21 10:48:42,590 - aiogram.event - INFO - Update id=468476282 is handled. Duration 269 ms by bot id=7529222837
2026-03-21 10:48:56,275 - aiogram.event - INFO - Update id=468476283 is handled. Duration 155 ms by bot id=7529222837
2026-03-21 12:02:40,252 - aiogram.event - INFO - Update id=468476284 is handled. Duration 1228 ms by bot id=7529222837
2026-03-21 12:14:31,907 - aiogram.event - INFO - Update id=468476285 is not handled. Duration 79 ms by bot id=7529222837
2026-03-21 12:14:31,909 - aiogram.event - ERROR - Cause exception while process update id=468476285 by bot id=7529222837
UnboundLocalError: cannot access local variable 'welcome_text' where it is not associated with a value
Traceback (most recent call last):
  File "/opt/vpn_bot/venv/lib/python3.12/site-packages/aiogram/dispatcher/dispatcher.py", line 309, in _process_update
    response = await self.feed_update(bot, update, **kwargs)
               ^^^^^^^^^^^^^^^^^^^^^^^^^^^^^^^^^^^^^^^^^^^^^
  File "/opt/vpn_bot/venv/lib/python3.12/site-packages/aiogram/dispatcher/dispatcher.py", line 158, in feed_update
    response = await self.update.wrap_outer_middleware(
               ^^^^^^^^^^^^^^^^^^^^^^^^^^^^^^^^^^^^^^^^
  File "/opt/vpn_bot/venv/lib/python3.12/site-packages/aiogram/dispatcher/middlewares/error.py", line 25, in __call__
    return await handler(event, data)
           ^^^^^^^^^^^^^^^^^^^^^^^^^^
  File "/opt/vpn_bot/venv/lib/python3.12/site-packages/aiogram/dispatcher/middlewares/user_context.py", line 27, in __call__
    return await handler(event, data)
           ^^^^^^^^^^^^^^^^^^^^^^^^^^
  File "/opt/vpn_bot/venv/lib/python3.12/site-packages/aiogram/fsm/middleware.py", line 41, in __call__
    return await handler(event, data)
           ^^^^^^^^^^^^^^^^^^^^^^^^^^
  File "/opt/vpn_bot/venv/lib/python3.12/site-packages/aiogram/dispatcher/event/telegram.py", line 121, in trigger
    return await wrapped_inner(event, kwargs)
           ^^^^^^^^^^^^^^^^^^^^^^^^^^^^^^^^^^
  File "/opt/vpn_bot/venv/lib/python3.12/site-packages/aiogram/dispatcher/event/handler.py", line 43, in call
    return await wrapped()
           ^^^^^^^^^^^^^^^
  File "/opt/vpn_bot/venv/lib/python3.12/site-packages/aiogram/dispatcher/dispatcher.py", line 276, in _listen_update
    return await self.propagate_event(update_type=update_type, event=event, **kwargs)
           ^^^^^^^^^^^^^^^^^^^^^^^^^^^^^^^^^^^^^^^^^^^^^^^^^^^^^^^^^^^^^^^^^^^^^^^^^^
  File "/opt/vpn_bot/venv/lib/python3.12/site-packages/aiogram/dispatcher/router.py", line 128, in propagate_event
    return await observer.wrap_outer_middleware(_wrapped, event=event, data=kwargs)
           ^^^^^^^^^^^^^^^^^^^^^^^^^^^^^^^^^^^^^^^^^^^^^^^^^^^^^^^^^^^^^^^^^^^^^^^^
  File "/opt/vpn_bot/venv/lib/python3.12/site-packages/aiogram/dispatcher/router.py", line 123, in _wrapped
    return await self._propagate_event(
           ^^^^^^^^^^^^^^^^^^^^^^^^^^^^
  File "/opt/vpn_bot/venv/lib/python3.12/site-packages/aiogram/dispatcher/router.py", line 156, in _propagate_event
    response = await router.propagate_event(update_type=update_type, event=event, **kwargs)
               ^^^^^^^^^^^^^^^^^^^^^^^^^^^^^^^^^^^^^^^^^^^^^^^^^^^^^^^^^^^^^^^^^^^^^^^^^^^^
  File "/opt/vpn_bot/venv/lib/python3.12/site-packages/aiogram/dispatcher/router.py", line 128, in propagate_event
    return await observer.wrap_outer_middleware(_wrapped, event=event, data=kwargs)
           ^^^^^^^^^^^^^^^^^^^^^^^^^^^^^^^^^^^^^^^^^^^^^^^^^^^^^^^^^^^^^^^^^^^^^^^^
  File "/opt/vpn_bot/venv/lib/python3.12/site-packages/aiogram/dispatcher/router.py", line 123, in _wrapped
    return await self._propagate_event(
           ^^^^^^^^^^^^^^^^^^^^^^^^^^^^
  File "/opt/vpn_bot/venv/lib/python3.12/site-packages/aiogram/dispatcher/router.py", line 148, in _propagate_event
    response = await observer.trigger(event, **kwargs)
               ^^^^^^^^^^^^^^^^^^^^^^^^^^^^^^^^^^^^^^^
  File "/opt/vpn_bot/venv/lib/python3.12/site-packages/aiogram/dispatcher/event/telegram.py", line 121, in trigger
    return await wrapped_inner(event, kwargs)
           ^^^^^^^^^^^^^^^^^^^^^^^^^^^^^^^^^^
  File "/opt/vpn_bot/venv/lib/python3.12/site-packages/aiogram/dispatcher/event/handler.py", line 43, in call
    return await wrapped()
           ^^^^^^^^^^^^^^^
  File "/opt/vpn_bot/handlers/start.py", line 80, in cmd_start
    welcome_text,
    ^^^^^^^^^^^^
UnboundLocalError: cannot access local variable 'welcome_text' where it is not associated with a value
2026-03-21 12:23:45,671 - aiogram.dispatcher - ERROR - Failed to fetch updates - TelegramNetworkError: HTTP Client says - Request timeout error
2026-03-21 12:23:45,673 - aiogram.dispatcher - WARNING - Sleep for 1.000000 seconds and try again... (tryings = 0, bot id = 7529222837)
2026-03-21 12:23:56,846 - aiogram.dispatcher - INFO - Connection established (tryings = 1, bot id = 7529222837)
2026-03-21 14:38:20,694 - aiogram.dispatcher - ERROR - Failed to fetch updates - TelegramNetworkError: HTTP Client says - ClientOSError: [Errno 104] Connection reset by peer
2026-03-21 14:38:20,695 - aiogram.dispatcher - WARNING - Sleep for 1.000000 seconds and try again... (tryings = 0, bot id = 7529222837)
2026-03-21 14:38:31,860 - aiogram.dispatcher - INFO - Connection established (tryings = 1, bot id = 7529222837)
2026-03-21 16:32:33,480 - aiogram.event - INFO - Update id=468476286 is handled. Duration 298 ms by bot id=7529222837
2026-03-21 16:32:41,865 - aiogram.event - INFO - Update id=468476287 is handled. Duration 114 ms by bot id=7529222837
2026-03-21 16:33:23,713 - aiogram.event - INFO - Update id=468476288 is handled. Duration 280 ms by bot id=7529222837
2026-03-21 16:33:29,728 - aiogram.event - INFO - Update id=468476289 is handled. Duration 161 ms by bot id=7529222837
2026-03-21 16:39:09,855 - aiogram.event - INFO - Update id=468476290 is not handled. Duration 2 ms by bot id=7529222837
2026-03-21 16:43:34,368 - aiogram.event - INFO - Update id=468476291 is handled. Duration 7 ms by bot id=7529222837
2026-03-21 16:45:40,182 - aiogram.event - INFO - Update id=468476292 is handled. Duration 946 ms by bot id=7529222837
2026-03-22 16:53:20,679 - aiogram.dispatcher - ERROR - Failed to fetch updates - TelegramNetworkError: HTTP Client says - Request timeout error
2026-03-22 16:53:20,680 - aiogram.dispatcher - WARNING - Sleep for 1.000000 seconds and try again... (tryings = 0, bot id = 7529222837)
2026-03-22 16:53:31,896 - aiogram.dispatcher - INFO - Connection established (tryings = 1, bot id = 7529222837)
2026-03-22 20:49:09,675 - aiogram.dispatcher - ERROR - Failed to fetch updates - TelegramNetworkError: HTTP Client says - Request timeout error
2026-03-22 20:49:09,676 - aiogram.dispatcher - WARNING - Sleep for 1.000000 seconds and try again... (tryings = 0, bot id = 7529222837)
2026-03-22 20:49:20,834 - aiogram.dispatcher - INFO - Connection established (tryings = 1, bot id = 7529222837)
2026-03-23 06:17:42,475 - aiogram.dispatcher - WARNING - Received SIGTERM signal
2026-03-23 06:17:42,479 - aiogram.dispatcher - INFO - Polling stopped for bot @SpichText_bot id=7529222837 - 'SPIC'
2026-03-23 06:17:42,480 - aiogram.dispatcher - INFO - Polling stopped
2026-03-23 06:17:51,851 - __main__ - INFO - CloudPayments webhook server started on 127.0.0.1:8080
2026-03-23 06:17:51,851 - __main__ - INFO - Bot started!
2026-03-23 06:17:51,852 - aiogram.dispatcher - INFO - Start polling
2026-03-23 06:17:52,103 - aiogram.dispatcher - INFO - Run polling for bot @SpichText_bot id=7529222837 - 'SPIC'
2026-03-23 06:23:54,736 - aiogram.event - INFO - Update id=468476293 is handled. Duration 269 ms by bot id=7529222837
2026-03-23 06:23:57,468 - aiogram.event - INFO - Update id=468476294 is handled. Duration 134 ms by bot id=7529222837
2026-03-23 06:24:03,810 - aiogram.event - INFO - Update id=468476295 is handled. Duration 179 ms by bot id=7529222837
2026-03-23 06:35:08,557 - aiogram.event - INFO - Update id=468476296 is handled. Duration 249 ms by bot id=7529222837
2026-03-23 06:35:11,092 - aiogram.event - INFO - Update id=468476297 is handled. Duration 253 ms by bot id=7529222837
2026-03-23 06:35:13,115 - aiogram.event - INFO - Update id=468476298 is handled. Duration 256 ms by bot id=7529222837
2026-03-23 06:35:42,690 - aiogram.dispatcher - WARNING - Received SIGTERM signal
2026-03-23 06:35:42,695 - aiogram.dispatcher - INFO - Polling stopped for bot @SpichText_bot id=7529222837 - 'SPIC'
2026-03-23 06:35:42,695 - aiogram.dispatcher - INFO - Polling stopped
2026-03-23 06:36:01,903 - __main__ - INFO - CloudPayments webhook server started on 127.0.0.1:8080
2026-03-23 06:36:01,904 - __main__ - INFO - Bot started!
2026-03-23 06:36:01,905 - aiogram.dispatcher - INFO - Start polling
2026-03-23 06:36:02,129 - aiogram.dispatcher - INFO - Run polling for bot @SpichText_bot id=7529222837 - 'SPIC'
2026-03-23 06:36:03,404 - aiogram.event - INFO - Update id=468476299 is handled. Duration 212 ms by bot id=7529222837
2026-03-23 06:36:05,010 - aiogram.event - INFO - Update id=468476300 is handled. Duration 178 ms by bot id=7529222837
2026-03-23 06:36:06,756 - aiogram.event - INFO - Update id=468476301 is handled. Duration 171 ms by bot id=7529222837
2026-03-23 06:37:02,543 - aiogram.event - INFO - Update id=468476302 is handled. Duration 247 ms by bot id=7529222837
2026-03-23 06:37:03,778 - aiogram.event - INFO - Update id=468476303 is handled. Duration 96 ms by bot id=7529222837
2026-03-23 06:37:05,274 - aiogram.event - INFO - Update id=468476304 is handled. Duration 210 ms by bot id=7529222837
2026-03-23 09:44:50,845 - aiogram.event - INFO - Update id=468476305 is handled. Duration 171 ms by bot id=7529222837
2026-03-23 09:44:52,620 - aiogram.event - INFO - Update id=468476306 is handled. Duration 155 ms by bot id=7529222837
2026-03-23 09:44:54,523 - aiogram.event - INFO - Update id=468476307 is handled. Duration 377 ms by bot id=7529222837
2026-03-23 09:52:46,983 - aiogram.event - INFO - Update id=468476308 is not handled. Duration 6 ms by bot id=7529222837
2026-03-23 09:53:06,684 - aiogram.event - INFO - Update id=468476309 is handled. Duration 1149 ms by bot id=7529222837
2026-03-23 11:53:49,696 - aiogram.dispatcher - ERROR - Failed to fetch updates - TelegramNetworkError: HTTP Client says - Request timeout error
2026-03-23 11:53:49,697 - aiogram.dispatcher - WARNING - Sleep for 1.000000 seconds and try again... (tryings = 0, bot id = 7529222837)
2026-03-23 11:54:00,839 - aiogram.dispatcher - INFO - Connection established (tryings = 1, bot id = 7529222837)
2026-03-23 13:18:42,730 - aiogram.dispatcher - ERROR - Failed to fetch updates - TelegramNetworkError: HTTP Client says - Request timeout error
2026-03-23 13:18:42,733 - aiogram.dispatcher - WARNING - Sleep for 1.000000 seconds and try again... (tryings = 0, bot id = 7529222837)
2026-03-23 13:18:53,889 - aiogram.dispatcher - INFO - Connection established (tryings = 1, bot id = 7529222837)
2026-03-23 16:40:50,734 - aiogram.dispatcher - ERROR - Failed to fetch updates - TelegramNetworkError: HTTP Client says - Request timeout error
2026-03-23 16:40:50,735 - aiogram.dispatcher - WARNING - Sleep for 1.000000 seconds and try again... (tryings = 0, bot id = 7529222837)
2026-03-23 16:41:01,964 - aiogram.dispatcher - INFO - Connection established (tryings = 1, bot id = 7529222837)
2026-03-23 18:05:49,694 - aiogram.dispatcher - ERROR - Failed to fetch updates - TelegramNetworkError: HTTP Client says - Request timeout error
2026-03-23 18:05:49,695 - aiogram.dispatcher - WARNING - Sleep for 1.000000 seconds and try again... (tryings = 0, bot id = 7529222837)
2026-03-23 18:06:01,942 - aiogram.dispatcher - INFO - Connection established (tryings = 1, bot id = 7529222837)
2026-03-24 08:03:10,336 - aiogram.dispatcher - ERROR - Failed to fetch updates - TelegramNetworkError: HTTP Client says - ClientOSError: [Errno 104] Connection reset by peer
2026-03-24 08:03:10,337 - aiogram.dispatcher - WARNING - Sleep for 1.000000 seconds and try again... (tryings = 0, bot id = 7529222837)
2026-03-24 08:03:22,091 - aiogram.dispatcher - INFO - Connection established (tryings = 1, bot id = 7529222837)
2026-03-24 11:17:15,777 - aiogram.dispatcher - ERROR - Failed to fetch updates - TelegramNetworkError: HTTP Client says - ClientOSError: [Errno 104] Connection reset by peer
2026-03-24 11:17:15,778 - aiogram.dispatcher - WARNING - Sleep for 1.000000 seconds and try again... (tryings = 0, bot id = 7529222837)
2026-03-24 11:17:27,467 - aiogram.dispatcher - INFO - Connection established (tryings = 1, bot id = 7529222837)
2026-03-24 11:40:48,349 - aiogram.event - INFO - Update id=468476310 is not handled. Duration 4 ms by bot id=7529222837
2026-03-24 11:40:48,349 - aiogram.event - ERROR - Cause exception while process update id=468476310 by bot id=7529222837
UnboundLocalError: cannot access local variable 'welcome_text' where it is not associated with a value
Traceback (most recent call last):
  File "/opt/vpn_bot/venv/lib/python3.12/site-packages/aiogram/dispatcher/dispatcher.py", line 309, in _process_update
    response = await self.feed_update(bot, update, **kwargs)
               ^^^^^^^^^^^^^^^^^^^^^^^^^^^^^^^^^^^^^^^^^^^^^
  File "/opt/vpn_bot/venv/lib/python3.12/site-packages/aiogram/dispatcher/dispatcher.py", line 158, in feed_update
    response = await self.update.wrap_outer_middleware(
               ^^^^^^^^^^^^^^^^^^^^^^^^^^^^^^^^^^^^^^^^
  File "/opt/vpn_bot/venv/lib/python3.12/site-packages/aiogram/dispatcher/middlewares/error.py", line 25, in __call__
    return await handler(event, data)
           ^^^^^^^^^^^^^^^^^^^^^^^^^^
  File "/opt/vpn_bot/venv/lib/python3.12/site-packages/aiogram/dispatcher/middlewares/user_context.py", line 27, in __call__
    return await handler(event, data)
           ^^^^^^^^^^^^^^^^^^^^^^^^^^
  File "/opt/vpn_bot/venv/lib/python3.12/site-packages/aiogram/fsm/middleware.py", line 41, in __call__
    return await handler(event, data)
           ^^^^^^^^^^^^^^^^^^^^^^^^^^
  File "/opt/vpn_bot/venv/lib/python3.12/site-packages/aiogram/dispatcher/event/telegram.py", line 121, in trigger
    return await wrapped_inner(event, kwargs)
           ^^^^^^^^^^^^^^^^^^^^^^^^^^^^^^^^^^
  File "/opt/vpn_bot/venv/lib/python3.12/site-packages/aiogram/dispatcher/event/handler.py", line 43, in call
    return await wrapped()
           ^^^^^^^^^^^^^^^
  File "/opt/vpn_bot/venv/lib/python3.12/site-packages/aiogram/dispatcher/dispatcher.py", line 276, in _listen_update
    return await self.propagate_event(update_type=update_type, event=event, **kwargs)
           ^^^^^^^^^^^^^^^^^^^^^^^^^^^^^^^^^^^^^^^^^^^^^^^^^^^^^^^^^^^^^^^^^^^^^^^^^^
  File "/opt/vpn_bot/venv/lib/python3.12/site-packages/aiogram/dispatcher/router.py", line 128, in propagate_event
    return await observer.wrap_outer_middleware(_wrapped, event=event, data=kwargs)
           ^^^^^^^^^^^^^^^^^^^^^^^^^^^^^^^^^^^^^^^^^^^^^^^^^^^^^^^^^^^^^^^^^^^^^^^^
  File "/opt/vpn_bot/venv/lib/python3.12/site-packages/aiogram/dispatcher/router.py", line 123, in _wrapped
    return await self._propagate_event(
           ^^^^^^^^^^^^^^^^^^^^^^^^^^^^
  File "/opt/vpn_bot/venv/lib/python3.12/site-packages/aiogram/dispatcher/router.py", line 156, in _propagate_event
    response = await router.propagate_event(update_type=update_type, event=event, **kwargs)
               ^^^^^^^^^^^^^^^^^^^^^^^^^^^^^^^^^^^^^^^^^^^^^^^^^^^^^^^^^^^^^^^^^^^^^^^^^^^^
  File "/opt/vpn_bot/venv/lib/python3.12/site-packages/aiogram/dispatcher/router.py", line 128, in propagate_event
    return await observer.wrap_outer_middleware(_wrapped, event=event, data=kwargs)
           ^^^^^^^^^^^^^^^^^^^^^^^^^^^^^^^^^^^^^^^^^^^^^^^^^^^^^^^^^^^^^^^^^^^^^^^^
  File "/opt/vpn_bot/venv/lib/python3.12/site-packages/aiogram/dispatcher/router.py", line 123, in _wrapped
    return await self._propagate_event(
           ^^^^^^^^^^^^^^^^^^^^^^^^^^^^
  File "/opt/vpn_bot/venv/lib/python3.12/site-packages/aiogram/dispatcher/router.py", line 148, in _propagate_event
    response = await observer.trigger(event, **kwargs)
               ^^^^^^^^^^^^^^^^^^^^^^^^^^^^^^^^^^^^^^^
  File "/opt/vpn_bot/venv/lib/python3.12/site-packages/aiogram/dispatcher/event/telegram.py", line 121, in trigger
    return await wrapped_inner(event, kwargs)
           ^^^^^^^^^^^^^^^^^^^^^^^^^^^^^^^^^^
  File "/opt/vpn_bot/venv/lib/python3.12/site-packages/aiogram/dispatcher/event/handler.py", line 43, in call
    return await wrapped()
           ^^^^^^^^^^^^^^^
  File "/opt/vpn_bot/handlers/start.py", line 80, in cmd_start
    welcome_text,
    ^^^^^^^^^^^^
UnboundLocalError: cannot access local variable 'welcome_text' where it is not associated with a value
2026-03-24 11:41:11,168 - aiogram.event - INFO - Update id=468476311 is not handled. Duration 8 ms by bot id=7529222837
2026-03-24 11:41:11,179 - aiogram.event - ERROR - Cause exception while process update id=468476311 by bot id=7529222837
UnboundLocalError: cannot access local variable 'welcome_text' where it is not associated with a value
Traceback (most recent call last):
  File "/opt/vpn_bot/venv/lib/python3.12/site-packages/aiogram/dispatcher/dispatcher.py", line 309, in _process_update
    response = await self.feed_update(bot, update, **kwargs)
               ^^^^^^^^^^^^^^^^^^^^^^^^^^^^^^^^^^^^^^^^^^^^^
  File "/opt/vpn_bot/venv/lib/python3.12/site-packages/aiogram/dispatcher/dispatcher.py", line 158, in feed_update
    response = await self.update.wrap_outer_middleware(
               ^^^^^^^^^^^^^^^^^^^^^^^^^^^^^^^^^^^^^^^^
  File "/opt/vpn_bot/venv/lib/python3.12/site-packages/aiogram/dispatcher/middlewares/error.py", line 25, in __call__
    return await handler(event, data)
           ^^^^^^^^^^^^^^^^^^^^^^^^^^
  File "/opt/vpn_bot/venv/lib/python3.12/site-packages/aiogram/dispatcher/middlewares/user_context.py", line 27, in __call__
    return await handler(event, data)
           ^^^^^^^^^^^^^^^^^^^^^^^^^^
  File "/opt/vpn_bot/venv/lib/python3.12/site-packages/aiogram/fsm/middleware.py", line 41, in __call__
    return await handler(event, data)
           ^^^^^^^^^^^^^^^^^^^^^^^^^^
  File "/opt/vpn_bot/venv/lib/python3.12/site-packages/aiogram/dispatcher/event/telegram.py", line 121, in trigger
    return await wrapped_inner(event, kwargs)
           ^^^^^^^^^^^^^^^^^^^^^^^^^^^^^^^^^^
  File "/opt/vpn_bot/venv/lib/python3.12/site-packages/aiogram/dispatcher/event/handler.py", line 43, in call
    return await wrapped()
           ^^^^^^^^^^^^^^^
  File "/opt/vpn_bot/venv/lib/python3.12/site-packages/aiogram/dispatcher/dispatcher.py", line 276, in _listen_update
    return await self.propagate_event(update_type=update_type, event=event, **kwargs)
           ^^^^^^^^^^^^^^^^^^^^^^^^^^^^^^^^^^^^^^^^^^^^^^^^^^^^^^^^^^^^^^^^^^^^^^^^^^
  File "/opt/vpn_bot/venv/lib/python3.12/site-packages/aiogram/dispatcher/router.py", line 128, in propagate_event
    return await observer.wrap_outer_middleware(_wrapped, event=event, data=kwargs)
           ^^^^^^^^^^^^^^^^^^^^^^^^^^^^^^^^^^^^^^^^^^^^^^^^^^^^^^^^^^^^^^^^^^^^^^^^
  File "/opt/vpn_bot/venv/lib/python3.12/site-packages/aiogram/dispatcher/router.py", line 123, in _wrapped
    return await self._propagate_event(
           ^^^^^^^^^^^^^^^^^^^^^^^^^^^^
  File "/opt/vpn_bot/venv/lib/python3.12/site-packages/aiogram/dispatcher/router.py", line 156, in _propagate_event
    response = await router.propagate_event(update_type=update_type, event=event, **kwargs)
               ^^^^^^^^^^^^^^^^^^^^^^^^^^^^^^^^^^^^^^^^^^^^^^^^^^^^^^^^^^^^^^^^^^^^^^^^^^^^
  File "/opt/vpn_bot/venv/lib/python3.12/site-packages/aiogram/dispatcher/router.py", line 128, in propagate_event
    return await observer.wrap_outer_middleware(_wrapped, event=event, data=kwargs)
           ^^^^^^^^^^^^^^^^^^^^^^^^^^^^^^^^^^^^^^^^^^^^^^^^^^^^^^^^^^^^^^^^^^^^^^^^
  File "/opt/vpn_bot/venv/lib/python3.12/site-packages/aiogram/dispatcher/router.py", line 123, in _wrapped
    return await self._propagate_event(
           ^^^^^^^^^^^^^^^^^^^^^^^^^^^^
  File "/opt/vpn_bot/venv/lib/python3.12/site-packages/aiogram/dispatcher/router.py", line 148, in _propagate_event
    response = await observer.trigger(event, **kwargs)
               ^^^^^^^^^^^^^^^^^^^^^^^^^^^^^^^^^^^^^^^
  File "/opt/vpn_bot/venv/lib/python3.12/site-packages/aiogram/dispatcher/event/telegram.py", line 121, in trigger
    return await wrapped_inner(event, kwargs)
           ^^^^^^^^^^^^^^^^^^^^^^^^^^^^^^^^^^
  File "/opt/vpn_bot/venv/lib/python3.12/site-packages/aiogram/dispatcher/event/handler.py", line 43, in call
    return await wrapped()
           ^^^^^^^^^^^^^^^
  File "/opt/vpn_bot/handlers/start.py", line 80, in cmd_start
    welcome_text,
    ^^^^^^^^^^^^
UnboundLocalError: cannot access local variable 'welcome_text' where it is not associated with a value
2026-03-24 11:41:19,812 - aiogram.event - INFO - Update id=468476312 is handled. Duration 348 ms by bot id=7529222837
2026-03-24 11:41:26,936 - aiogram.event - INFO - Update id=468476313 is handled. Duration 203 ms by bot id=7529222837
2026-03-24 11:41:30,805 - aiogram.event - INFO - Update id=468476314 is handled. Duration 263 ms by bot id=7529222837
2026-03-24 12:51:43,615 - aiogram.dispatcher - ERROR - Failed to fetch updates - TelegramNetworkError: HTTP Client says - ClientOSError: [Errno 104] Connection reset by peer
2026-03-24 12:51:43,618 - aiogram.dispatcher - WARNING - Sleep for 1.000000 seconds and try again... (tryings = 0, bot id = 7529222837)
2026-03-24 12:51:55,173 - aiogram.dispatcher - INFO - Connection established (tryings = 1, bot id = 7529222837)
2026-03-24 13:06:27,175 - aiogram.dispatcher - ERROR - Failed to fetch updates - TelegramNetworkError: HTTP Client says - ClientOSError: [Errno 104] Connection reset by peer
2026-03-24 13:06:27,177 - aiogram.dispatcher - WARNING - Sleep for 1.000000 seconds and try again... (tryings = 0, bot id = 7529222837)
2026-03-24 13:06:39,533 - aiogram.dispatcher - INFO - Connection established (tryings = 1, bot id = 7529222837)
2026-03-24 13:55:13,167 - aiogram.event - INFO - Update id=468476315 is handled. Duration 271 ms by bot id=7529222837
2026-03-24 13:55:15,666 - aiogram.event - INFO - Update id=468476316 is handled. Duration 268 ms by bot id=7529222837
2026-03-24 13:58:02,101 - aiogram.event - INFO - Update id=468476317 is handled. Duration 204 ms by bot id=7529222837
2026-03-24 13:58:11,417 - aiogram.event - INFO - Update id=468476318 is handled. Duration 148 ms by bot id=7529222837
2026-03-24 13:58:33,817 - aiogram.event - INFO - Update id=468476319 is not handled. Duration 2 ms by bot id=7529222837
2026-03-24 13:58:33,817 - aiogram.event - ERROR - Cause exception while process update id=468476319 by bot id=7529222837
UnboundLocalError: cannot access local variable 'welcome_text' where it is not associated with a value
Traceback (most recent call last):
  File "/opt/vpn_bot/venv/lib/python3.12/site-packages/aiogram/dispatcher/dispatcher.py", line 309, in _process_update
    response = await self.feed_update(bot, update, **kwargs)
               ^^^^^^^^^^^^^^^^^^^^^^^^^^^^^^^^^^^^^^^^^^^^^
  File "/opt/vpn_bot/venv/lib/python3.12/site-packages/aiogram/dispatcher/dispatcher.py", line 158, in feed_update
    response = await self.update.wrap_outer_middleware(
               ^^^^^^^^^^^^^^^^^^^^^^^^^^^^^^^^^^^^^^^^
  File "/opt/vpn_bot/venv/lib/python3.12/site-packages/aiogram/dispatcher/middlewares/error.py", line 25, in __call__
    return await handler(event, data)
           ^^^^^^^^^^^^^^^^^^^^^^^^^^
  File "/opt/vpn_bot/venv/lib/python3.12/site-packages/aiogram/dispatcher/middlewares/user_context.py", line 27, in __call__
    return await handler(event, data)
           ^^^^^^^^^^^^^^^^^^^^^^^^^^
  File "/opt/vpn_bot/venv/lib/python3.12/site-packages/aiogram/fsm/middleware.py", line 41, in __call__
    return await handler(event, data)
           ^^^^^^^^^^^^^^^^^^^^^^^^^^
  File "/opt/vpn_bot/venv/lib/python3.12/site-packages/aiogram/dispatcher/event/telegram.py", line 121, in trigger
    return await wrapped_inner(event, kwargs)
           ^^^^^^^^^^^^^^^^^^^^^^^^^^^^^^^^^^
  File "/opt/vpn_bot/venv/lib/python3.12/site-packages/aiogram/dispatcher/event/handler.py", line 43, in call
    return await wrapped()
           ^^^^^^^^^^^^^^^
  File "/opt/vpn_bot/venv/lib/python3.12/site-packages/aiogram/dispatcher/dispatcher.py", line 276, in _listen_update
    return await self.propagate_event(update_type=update_type, event=event, **kwargs)
           ^^^^^^^^^^^^^^^^^^^^^^^^^^^^^^^^^^^^^^^^^^^^^^^^^^^^^^^^^^^^^^^^^^^^^^^^^^
  File "/opt/vpn_bot/venv/lib/python3.12/site-packages/aiogram/dispatcher/router.py", line 128, in propagate_event
    return await observer.wrap_outer_middleware(_wrapped, event=event, data=kwargs)
           ^^^^^^^^^^^^^^^^^^^^^^^^^^^^^^^^^^^^^^^^^^^^^^^^^^^^^^^^^^^^^^^^^^^^^^^^
  File "/opt/vpn_bot/venv/lib/python3.12/site-packages/aiogram/dispatcher/router.py", line 123, in _wrapped
    return await self._propagate_event(
           ^^^^^^^^^^^^^^^^^^^^^^^^^^^^
  File "/opt/vpn_bot/venv/lib/python3.12/site-packages/aiogram/dispatcher/router.py", line 156, in _propagate_event
    response = await router.propagate_event(update_type=update_type, event=event, **kwargs)
               ^^^^^^^^^^^^^^^^^^^^^^^^^^^^^^^^^^^^^^^^^^^^^^^^^^^^^^^^^^^^^^^^^^^^^^^^^^^^
  File "/opt/vpn_bot/venv/lib/python3.12/site-packages/aiogram/dispatcher/router.py", line 128, in propagate_event
    return await observer.wrap_outer_middleware(_wrapped, event=event, data=kwargs)
           ^^^^^^^^^^^^^^^^^^^^^^^^^^^^^^^^^^^^^^^^^^^^^^^^^^^^^^^^^^^^^^^^^^^^^^^^
  File "/opt/vpn_bot/venv/lib/python3.12/site-packages/aiogram/dispatcher/router.py", line 123, in _wrapped
    return await self._propagate_event(
           ^^^^^^^^^^^^^^^^^^^^^^^^^^^^
  File "/opt/vpn_bot/venv/lib/python3.12/site-packages/aiogram/dispatcher/router.py", line 148, in _propagate_event
    response = await observer.trigger(event, **kwargs)
               ^^^^^^^^^^^^^^^^^^^^^^^^^^^^^^^^^^^^^^^
  File "/opt/vpn_bot/venv/lib/python3.12/site-packages/aiogram/dispatcher/event/telegram.py", line 121, in trigger
    return await wrapped_inner(event, kwargs)
           ^^^^^^^^^^^^^^^^^^^^^^^^^^^^^^^^^^
  File "/opt/vpn_bot/venv/lib/python3.12/site-packages/aiogram/dispatcher/event/handler.py", line 43, in call
    return await wrapped()
           ^^^^^^^^^^^^^^^
  File "/opt/vpn_bot/handlers/start.py", line 80, in cmd_start
    welcome_text,
    ^^^^^^^^^^^^
UnboundLocalError: cannot access local variable 'welcome_text' where it is not associated with a value
2026-03-24 13:58:57,191 - aiogram.event - INFO - Update id=468476320 is handled. Duration 269 ms by bot id=7529222837
2026-03-24 13:58:58,864 - aiogram.event - INFO - Update id=468476321 is handled. Duration 137 ms by bot id=7529222837
2026-03-24 13:59:00,607 - aiogram.event - INFO - Update id=468476322 is handled. Duration 192 ms by bot id=7529222837
2026-03-24 14:18:53,514 - aiogram.event - INFO - Update id=468476323 is handled. Duration 3 ms by bot id=7529222837
2026-03-24 14:19:19,894 - aiogram.event - INFO - Update id=468476324 is not handled. Duration 5 ms by bot id=7529222837
2026-03-24 14:21:12,207 - aiogram.event - INFO - Update id=468476325 is handled. Duration 2 ms by bot id=7529222837
2026-03-24 14:21:38,375 - aiogram.event - INFO - Update id=468476326 is handled. Duration 1 ms by bot id=7529222837
2026-03-24 15:54:15,148 - aiogram.dispatcher - ERROR - Failed to fetch updates - TelegramNetworkError: HTTP Client says - Request timeout error
2026-03-24 15:54:15,149 - aiogram.dispatcher - WARNING - Sleep for 1.000000 seconds and try again... (tryings = 0, bot id = 7529222837)
2026-03-24 15:54:26,398 - aiogram.dispatcher - INFO - Connection established (tryings = 1, bot id = 7529222837)
2026-03-24 17:30:52,410 - aiogram.dispatcher - ERROR - Failed to fetch updates - TelegramNetworkError: HTTP Client says - ClientOSError: [Errno 104] Connection reset by peer
2026-03-24 17:30:52,412 - aiogram.dispatcher - WARNING - Sleep for 1.000000 seconds and try again... (tryings = 0, bot id = 7529222837)
2026-03-24 17:31:03,723 - aiogram.dispatcher - INFO - Connection established (tryings = 1, bot id = 7529222837)
